<?xml version="1.0" encoding="UTF-8"?>
<!-- Generated by org.testng.reporters.JUnitXMLReporter -->
<testsuite hostname="LPT-0748" ignored="0" name="registration page test" tests="4" failures="0" timestamp="12 Nov 2022 03:09:58 GMT" time="18.624" errors="0">
  <testcase name="doRegisteredData" time="3.59" classname="com.qa.opencart.test.RegPageTest">
    <skipped/>
  </testcase> <!-- doRegisteredData -->
  <testcase name="doRegisteredData" time="3.107" classname="com.qa.opencart.test.RegPageTest">
    <skipped/>
  </testcase> <!-- doRegisteredData -->
  <testcase name="doRegisteredData" time="2.347" classname="com.qa.opencart.test.RegPageTest"/>
  <testcase name="getTitle" time="0.021" classname="com.qa.opencart.test.RegPageTest"/>
</testsuite> <!-- registration page test -->
