<?xml version="1.0" encoding="UTF-8"?>
<!-- Generated by org.testng.reporters.JUnitXMLReporter -->
<testsuite hostname="LPT-0748" ignored="0" name="registration page test" tests="4" failures="0" timestamp="23 Nov 2022 01:26:15 GMT" time="19.888" errors="0">
  <testcase name="doRegisteredData" time="3.314" classname="com.qa.opencart.test.RegPageTest">
    <skipped/>
  </testcase> <!-- doRegisteredData -->
  <testcase name="doRegisteredData" time="2.985" classname="com.qa.opencart.test.RegPageTest">
    <skipped/>
  </testcase> <!-- doRegisteredData -->
  <testcase name="doRegisteredData" time="2.305" classname="com.qa.opencart.test.RegPageTest"/>
  <testcase name="getTitle" time="0.133" classname="com.qa.opencart.test.RegPageTest"/>
</testsuite> <!-- registration page test -->
